<?xml version="1.0" encoding="UTF-8"?>
<!-- Generated by org.testng.reporters.JUnitReportReporter -->
<testsuite skipped="0" hostname="Naveenas-MBP" name="Yelp.com.org.yelp.SearchTest" tests="4" failures="0" timestamp="06 Oct 2017 09:04:25 GMT" time="54.764" errors="0">
  <testcase name="test1FindDropDownMenu" time="15.325" classname="Yelp.com.org.yelp.SearchTest"/>
  <testcase name="test2ParameterizeFilter" time="21.232" classname="Yelp.com.org.yelp.SearchTest"/>
  <testcase name="test3starRating" time="4.715" classname="Yelp.com.org.yelp.SearchTest"/>
  <testcase name="test4ExpandFirstSearchResult" time="13.492" classname="Yelp.com.org.yelp.SearchTest"/>
</testsuite> <!-- Yelp.com.org.yelp.SearchTest -->
