<?xml version="1.0" encoding="UTF-8"?>
<!-- Generated by org.testng.reporters.JUnitReportReporter -->
<testsuite hostname="Naveenas-MBP" name="Yelp.com.org.yelp.test_cases.SearchTest" tests="3" failures="0" timestamp="8 Oct 2017 04:15:51 GMT" time="190.054" errors="0">
  <testcase name="searchPageTest" time="72.435" classname="Yelp.com.org.yelp.test_cases.SearchTest"/>
  <testcase name="searchPageTest" time="55.085" classname="Yelp.com.org.yelp.test_cases.SearchTest"/>
  <testcase name="searchPageTest" time="62.534" classname="Yelp.com.org.yelp.test_cases.SearchTest"/>
</testsuite> <!-- Yelp.com.org.yelp.test_cases.SearchTest -->
